Not enough permission to place log file at /var/log/archinstall/install.log, creating it in /home/teqnok/dotfiles/.zsh/install.log instead
Hardware model detected: Micro-Star International Co., Ltd. MS-7E26; UEFI mode: True
Processor model detected: AMD Ryzen 5 7600X 6-Core Processor
Memory statistics: 21952080 available out of 31951928 total installed
Could not detect virtual system: ['/usr/bin/systemd-detect-virt'] exited with abnormal exit code [1]: none

System is not running in a VM: ['/usr/bin/systemd-detect-virt'] exited with abnormal exit code [1]: none

Virtualization detected: None; is VM: False
Graphics devices detected: dict_keys(['Advanced Micro Devices, Inc. [AMD/ATI] Navi 22 [Radeon RX 6700/6700 XT/6750 XT / 6800M/6850M XT] (rev c5)', 'Advanced Micro Devices, Inc. [AMD/ATI] Raphael (rev c7)'])
Disk states before installing: [
    {
        "children": [
            {
                "children": [],
                "fsavail": 1537559625728,
                "fsroots": [
                    "."
                ],
                "fstype": "ext4",
                "fsuse_percentage": "0%",
                "fsver": "1.0",
                "log_sec": 512,
                "mountpoint": "/run/media/teqnok/PSSD",
                "mountpoints": [
                    "/run/media/teqnok/PSSD"
                ],
                "name": "sda1",
                "partn": 1,
                "parttype": "0fc63daf-8483-4772-8e79-3d69d8477de4",
                "partuuid": "81984039-2ee0-4f7b-9a7a-0ee336cb3d2c",
                "path": "/dev/sda1",
                "pkname": "sda",
                "pttype": "gpt",
                "ptuuid": "bb2600d5-dfc1-47a7-9dfc-d0fe808eac89",
                "rota": false,
                "size": "1572864 MiB",
                "tran": null,
                "type": "part",
                "uuid": "b92c5d62-3047-489f-adb2-c73a6caf6052"
            },
            {
                "children": [],
                "fsavail": null,
                "fsroots": [],
                "fstype": "vfat",
                "fsuse_percentage": null,
                "fsver": "FAT32",
                "log_sec": 512,
                "mountpoint": null,
                "mountpoints": [],
                "name": "sda2",
                "partn": 2,
                "parttype": "c12a7328-f81f-11d2-ba4b-00a0c93ec93b",
                "partuuid": "f4c907f9-724f-4c80-a708-5a561f935933",
                "path": "/dev/sda2",
                "pkname": "sda",
                "pttype": "gpt",
                "ptuuid": "bb2600d5-dfc1-47a7-9dfc-d0fe808eac89",
                "rota": false,
                "size": "1024 MiB",
                "tran": null,
                "type": "part",
                "uuid": "5E73-9AAB"
            },
            {
                "children": [],
                "fsavail": null,
                "fsroots": [],
                "fstype": "ext4",
                "fsuse_percentage": null,
                "fsver": "1.0",
                "log_sec": 512,
                "mountpoint": null,
                "mountpoints": [],
                "name": "sda3",
                "partn": 3,
                "parttype": "4f68bce3-e8cd-4db1-96e7-fbcaf984b709",
                "partuuid": "6bcb3c9e-a485-4b80-a02c-db026fd64d7f",
                "path": "/dev/sda3",
                "pkname": "sda",
                "pttype": "gpt",
                "ptuuid": "bb2600d5-dfc1-47a7-9dfc-d0fe808eac89",
                "rota": false,
                "size": "333808 MiB",
                "tran": null,
                "type": "part",
                "uuid": "9a24de69-1cc8-485c-82cc-708f4ca2edfa"
            }
        ],
        "fsavail": null,
        "fsroots": [],
        "fstype": null,
        "fsuse_percentage": null,
        "fsver": null,
        "log_sec": 512,
        "mountpoint": null,
        "mountpoints": [],
        "name": "sda",
        "partn": null,
        "parttype": null,
        "partuuid": null,
        "path": "/dev/sda",
        "pkname": null,
        "pttype": "gpt",
        "ptuuid": "bb2600d5-dfc1-47a7-9dfc-d0fe808eac89",
        "rota": false,
        "size": "1907697 MiB",
        "tran": "usb",
        "type": "disk",
        "uuid": null
    },
    {
        "children": [],
        "fsavail": null,
        "fsroots": [],
        "fstype": null,
        "fsuse_percentage": null,
        "fsver": null,
        "log_sec": 4096,
        "mountpoint": "[SWAP]",
        "mountpoints": [
            "[SWAP]"
        ],
        "name": "zram0",
        "partn": null,
        "parttype": null,
        "partuuid": null,
        "path": "/dev/zram0",
        "pkname": null,
        "pttype": null,
        "ptuuid": null,
        "rota": false,
        "size": "4096 MiB",
        "tran": null,
        "type": "disk",
        "uuid": null
    },
    {
        "children": [
            {
                "children": [],
                "fsavail": 1916694528,
                "fsroots": [
                    "."
                ],
                "fstype": "vfat",
                "fsuse_percentage": "11%",
                "fsver": "FAT32",
                "log_sec": 512,
                "mountpoint": "/boot",
                "mountpoints": [
                    "/boot"
                ],
                "name": "nvme1n1p1",
                "partn": 1,
                "parttype": "c12a7328-f81f-11d2-ba4b-00a0c93ec93b",
                "partuuid": "e3b254a5-3c13-4b8e-a5a9-c91652656ef6",
                "path": "/dev/nvme1n1p1",
                "pkname": "nvme1n1",
                "pttype": "gpt",
                "ptuuid": "e8abb62e-07a9-477e-beb4-0e445b1dbe58",
                "rota": false,
                "size": "2048 MiB",
                "tran": "nvme",
                "type": "part",
                "uuid": "7AF9-08F4"
            },
            {
                "children": [],
                "fsavail": 596960030720,
                "fsroots": [
                    "@.snapshots",
                    "@"
                ],
                "fstype": "btrfs",
                "fsuse_percentage": "9%",
                "fsver": null,
                "log_sec": 512,
                "mountpoint": "/snapshots",
                "mountpoints": [
                    "/snapshots",
                    "/"
                ],
                "name": "nvme1n1p2",
                "partn": 2,
                "parttype": "4f68bce3-e8cd-4db1-96e7-fbcaf984b709",
                "partuuid": "d954988d-6a1d-47f9-8d7e-ff5a374b0a36",
                "path": "/dev/nvme1n1p2",
                "pkname": "nvme1n1",
                "pttype": "gpt",
                "ptuuid": "e8abb62e-07a9-477e-beb4-0e445b1dbe58",
                "rota": false,
                "size": "624713 MiB",
                "tran": "nvme",
                "type": "part",
                "uuid": "ba265f7d-fe87-4d0d-8fff-899a9b0ba62c"
            },
            {
                "children": [],
                "fsavail": null,
                "fsroots": [],
                "fstype": "ntfs",
                "fsuse_percentage": null,
                "fsver": null,
                "log_sec": 512,
                "mountpoint": null,
                "mountpoints": [],
                "name": "nvme1n1p3",
                "partn": 3,
                "parttype": "ebd0a0a2-b9e5-4433-87c0-68b6b72699c7",
                "partuuid": "3643a164-8edf-49f9-a625-e3e560ae055a",
                "path": "/dev/nvme1n1p3",
                "pkname": "nvme1n1",
                "pttype": "gpt",
                "ptuuid": "e8abb62e-07a9-477e-beb4-0e445b1dbe58",
                "rota": false,
                "size": "350000 MiB",
                "tran": "nvme",
                "type": "part",
                "uuid": "2643BFA54E1CF518"
            }
        ],
        "fsavail": null,
        "fsroots": [],
        "fstype": null,
        "fsuse_percentage": null,
        "fsver": null,
        "log_sec": 512,
        "mountpoint": null,
        "mountpoints": [],
        "name": "nvme1n1",
        "partn": null,
        "parttype": null,
        "partuuid": null,
        "path": "/dev/nvme1n1",
        "pkname": null,
        "pttype": "gpt",
        "ptuuid": "e8abb62e-07a9-477e-beb4-0e445b1dbe58",
        "rota": false,
        "size": "976762 MiB",
        "tran": "nvme",
        "type": "disk",
        "uuid": null
    },
    {
        "children": [
            {
                "children": [],
                "fsavail": null,
                "fsroots": [],
                "fstype": null,
                "fsuse_percentage": null,
                "fsver": null,
                "log_sec": 512,
                "mountpoint": null,
                "mountpoints": [],
                "name": "nvme0n1p1",
                "partn": 1,
                "parttype": "e3c9e316-0b5c-4db8-817d-f92df00215ae",
                "partuuid": "4d23855a-d22b-4177-afef-6776256a406a",
                "path": "/dev/nvme0n1p1",
                "pkname": "nvme0n1",
                "pttype": "gpt",
                "ptuuid": "e7070bd5-3bef-4dc4-8f8d-40573e79ce34",
                "rota": false,
                "size": "16 MiB",
                "tran": "nvme",
                "type": "part",
                "uuid": null
            },
            {
                "children": [],
                "fsavail": null,
                "fsroots": [],
                "fstype": "ntfs",
                "fsuse_percentage": null,
                "fsver": null,
                "log_sec": 512,
                "mountpoint": null,
                "mountpoints": [],
                "name": "nvme0n1p2",
                "partn": 2,
                "parttype": "ebd0a0a2-b9e5-4433-87c0-68b6b72699c7",
                "partuuid": "dab54497-7562-472c-814a-e2792b5cfbce",
                "path": "/dev/nvme0n1p2",
                "pkname": "nvme0n1",
                "pttype": "gpt",
                "ptuuid": "e7070bd5-3bef-4dc4-8f8d-40573e79ce34",
                "rota": false,
                "size": "953852 MiB",
                "tran": "nvme",
                "type": "part",
                "uuid": "68E0D2D7E0D2AB18"
            }
        ],
        "fsavail": null,
        "fsroots": [],
        "fstype": null,
        "fsuse_percentage": null,
        "fsver": null,
        "log_sec": 512,
        "mountpoint": null,
        "mountpoints": [],
        "name": "nvme0n1",
        "partn": null,
        "parttype": null,
        "partuuid": null,
        "path": "/dev/nvme0n1",
        "pkname": null,
        "pttype": "gpt",
        "ptuuid": "e7070bd5-3bef-4dc4-8f8d-40573e79ce34",
        "rota": false,
        "size": "953869 MiB",
        "tran": "nvme",
        "type": "disk",
        "uuid": null
    }
]
